./Makefile:53: illegal token in column 33, giving up (hint: fix the file or remove it from the working set)
./fonction/alpha.c:37: INFO:C-A3
./fonction/exe.c:12: MINOR:C-L3
./fonction/exe.c:13: MINOR:C-L3
./fonction/exe.c:20: MINOR:C-L6
./fonction/exe.c:27: MINOR:C-L6
./fonction/exe.c:45: MINOR:C-L6
./fonction/exe.c:47: MAJOR:C-L5
./fonction/exe.c:49: MAJOR:C-C1
./fonction/exe.c:59: MINOR:C-G2
./fonction/exe.c:70: MAJOR:C-L5
./fonction/exe.c:71: MAJOR:C-C1
./fonction/exe.c:72: MAJOR:C-C1
./fonction/exe.c:74: MINOR:C-L6
./fonction/exe.c:76: MAJOR:C-C1
./fonction/exe.c:81: MAJOR:C-F4
./fonction/exe.c:82: MAJOR:C-C1
./fonction/exe.c:82: MAJOR:C-F4
./fonction/exe.c:83: MAJOR:C-F4
./fonction/exe.c:84: MAJOR:C-F4
./fonction/exe.c:85: MAJOR:C-C1
./fonction/exe.c:85: MAJOR:C-F4
./fonction/exe.c:86: MAJOR:C-F4
./fonction/exe.c:87: MAJOR:C-C1
./fonction/exe.c:87: MAJOR:C-F4
./fonction/exe.c:88: MAJOR:C-F4
./fonction/exe.c:89: MAJOR:C-F4
./fonction/exe.c:90: MAJOR:C-F4
./fonction/exe.c:91: MAJOR:C-F4
./fonction/exe.c:92: MAJOR:C-F4
./fonction/fprintf.c:43: INFO:C-A3
./fonction/my_atoi.c:39: INFO:C-A3
./fonction/my_cd.c:47: INFO:C-A3
./fonction/my_env.c:19: INFO:C-A3
./fonction/my_exit.c:42: INFO:C-A3
./fonction/my_realloc.c:38: INFO:C-A3
./fonction/my_setenv.c:49: INFO:C-A3
./fonction/my_unsetenv.c:46: INFO:C-A3
./fonction/path.c:13: MINOR:C-L6
./fonction/path.c:17: MINOR:C-L6
./fonction/path.c:18: MAJOR:C-L5
./fonction/path.c:23: MINOR:C-L6
./fonction/path.c:24: MAJOR:C-L5
./fonction/path.c:25: MAJOR:C-L5
./fonction/path.c:26: MINOR:C-L6
./fonction/path.c:28: MAJOR:C-L5
./fonction/path.c:32: MAJOR:C-F4
./fonction/path.c:33: MAJOR:C-F4
./fonction/path.c:34: MAJOR:C-F4
./fonction/path.c:35: MAJOR:C-F4
./fonction/path.c:36: MAJOR:C-F4
./fonction/path.c:37: MAJOR:C-F4
./fonction/path.c:38: MAJOR:C-F4
./fonction/path.c:39: MAJOR:C-F4
./fonction/path.c:40: MAJOR:C-F4
./fonction/path.c:41: MAJOR:C-F4
./fonction/path.c:42: MAJOR:C-F4
./fonction/path.c:43: MAJOR:C-F4
./fonction/path.c:44: MAJOR:C-F4
./fonction/path.c:45: MAJOR:C-F4
./fonction/path.c:45: MINOR:C-L6
./fonction/path.c:46: MAJOR:C-F4
./fonction/path.c:47: MAJOR:C-F4
./fonction/path.c:48: MAJOR:C-F4
./fonction/path.c:49: MAJOR:C-F4
./fonction/path.c:49: MINOR:C-L6
./fonction/path.c:50: MAJOR:C-F4
./fonction/path.c:61: MAJOR:C-F3
./fonction/snprintf.c:21: MAJOR:C-F3
./fonction/snprintf.c:33: MAJOR:C-F5
./fonction/snprintf.c:79: INFO:C-A3
./fonction/split_line.c:10: MINOR:C-L4
./fonction/split_line.c:12: MINOR:C-L6
./fonction/split_line.c:19: MINOR:C-L4
./fonction/split_line.c:31: MAJOR:C-L1
./fonction/split_line.c:37: MAJOR:C-L1
./fonction/split_line.c:47: MINOR:C-G8
./fonction/sprintf.c:44: MAJOR:C-F3
./fonction/sprintf.c:45: MINOR:C-L2
./fonction/str.c:61: INFO:C-A3
./fonction/str2.c:38: INFO:C-A3
./include/my.h:65: MAJOR:C-F5
./main.c:31: INFO:C-A3
./my_sh:1: MAJOR:C-O1
./sh.c:91: INFO:C-A3
